<?xml version="1.0" encoding="UTF-8"?>
<!-- Generated by org.testng.reporters.JUnitReportReporter -->
<testsuite hostname="DESKTOP-MPCJN7K" failures="0" tests="1" name="TestNGSessions.AmazonTestwithBM" time="19.788" errors="0" timestamp="04 Jun 2021 09:38:07 GMT" skipped="0">
  <testcase classname="TestNGSessions.AmazonTestwithBM" name="titleTest" time="19.788"/>
</testsuite> <!-- TestNGSessions.AmazonTestwithBM -->
