<?xml version="1.0" encoding="UTF-8"?>
<!-- Generated by org.testng.reporters.JUnitReportReporter -->
<testsuite hostname="DESKTOP-MPCJN7K" failures="0" tests="5" name="TestNGSessions.InvocationCount" time="0.014" errors="0" timestamp="20 Jun 2021 23:53:50 GMT" skipped="0">
  <testcase classname="TestNGSessions.InvocationCount" name="createUserTest" time="0.009"/>
  <testcase classname="TestNGSessions.InvocationCount" name="createUserTest" time="0.001"/>
  <testcase classname="TestNGSessions.InvocationCount" name="createUserTest" time="0.002"/>
  <testcase classname="TestNGSessions.InvocationCount" name="createUserTest" time="0.001"/>
  <testcase classname="TestNGSessions.InvocationCount" name="createUserTest" time="0.001"/>
</testsuite> <!-- TestNGSessions.InvocationCount -->
