<?xml version="1.0" encoding="UTF-8"?>
<!-- Generated by org.testng.reporters.JUnitReportReporter -->
<testsuite hostname="DESKTOP-MPCJN7K" failures="0" tests="1" name="TestNGSessions.ExpectedExceptionConcept" time="0.007" errors="0" timestamp="04 Jun 2021 09:45:15 GMT" skipped="0">
  <testcase classname="TestNGSessions.ExpectedExceptionConcept" name="a_test" time="0.007"/>
</testsuite> <!-- TestNGSessions.ExpectedExceptionConcept -->
