<?xml version="1.0" encoding="UTF-8"?>
<!-- Generated by org.testng.reporters.JUnitReportReporter -->
<testsuite hostname="DESKTOP-MPCJN7K" failures="0" tests="6" name="TestNGSessions.PriorityConcept" time="0.011" errors="0" timestamp="04 Jun 2021 09:35:39 GMT" skipped="0">
  <testcase classname="TestNGSessions.PriorityConcept" name="a_test" time="0.007"/>
  <testcase classname="TestNGSessions.PriorityConcept" name="c_test" time="0.001"/>
  <testcase classname="TestNGSessions.PriorityConcept" name="d_test" time="0.001"/>
  <testcase classname="TestNGSessions.PriorityConcept" name="b_test" time="0.001"/>
  <testcase classname="TestNGSessions.PriorityConcept" name="e_test" time="0.001"/>
  <testcase classname="TestNGSessions.PriorityConcept" name="f_test" time="0.000"/>
</testsuite> <!-- TestNGSessions.PriorityConcept -->
