<?xml version="1.0" encoding="UTF-8"?>
<!-- Generated by org.testng.reporters.JUnitReportReporter -->
<testsuite hostname="DESKTOP-MPCJN7K" failures="0" tests="2" name="TestNGSessions.AmazonTest" time="4.688" errors="0" timestamp="21 Jun 2021 00:06:11 GMT" skipped="0">
  <testcase classname="TestNGSessions.AmazonTest" name="titleTest" time="0.023"/>
  <testcase classname="TestNGSessions.AmazonTest" name="searchTest" time="4.665"/>
</testsuite> <!-- TestNGSessions.AmazonTest -->
