<?xml version="1.0" encoding="UTF-8"?>
<!-- Generated by org.testng.reporters.JUnitReportReporter -->
<testsuite hostname="DESKTOP-MPCJN7K" failures="0" tests="2" name="TestNGSessions.TestNGAnnotations" time="0.005" errors="0" timestamp="04 Jun 2021 06:14:18 GMT" skipped="0">
  <testcase classname="TestNGSessions.TestNGAnnotations" name="titleTest" time="0.001"/>
  <testcase classname="TestNGSessions.TestNGAnnotations" name="SearchTest" time="0.004"/>
</testsuite> <!-- TestNGSessions.TestNGAnnotations -->
