<?xml version="1.0" encoding="UTF-8"?>
<!-- Generated by org.testng.reporters.JUnitReportReporter -->
<testsuite hostname="DESKTOP-MPCJN7K" failures="0" tests="4" name="TestNGSessions.cartLoginTest" time="6.551" errors="0" timestamp="06 Jun 2021 04:55:12 GMT" skipped="0">
  <testcase classname="TestNGSessions.cartLoginTest" name="loginTest" time="1.604"/>
  <testcase classname="TestNGSessions.cartLoginTest" name="loginTest" time="1.628"/>
  <testcase classname="TestNGSessions.cartLoginTest" name="loginTest" time="1.764"/>
  <testcase classname="TestNGSessions.cartLoginTest" name="loginTest" time="1.555"/>
</testsuite> <!-- TestNGSessions.cartLoginTest -->
