<?xml version="1.0" encoding="UTF-8"?>
<!-- Generated by org.testng.reporters.JUnitReportReporter -->
<testsuite hostname="DESKTOP-MPCJN7K" failures="0" tests="1" name="TestNGSessions.cartRegisterusingDataProvider" time="2.772" errors="0" timestamp="08 Jun 2021 10:40:18 GMT" skipped="0">
  <testcase classname="TestNGSessions.cartRegisterusingDataProvider" name="registerTest" time="2.772"/>
</testsuite> <!-- TestNGSessions.cartRegisterusingDataProvider -->
